
> vibe-generated-app@1.0.0 dev
> vite


  VITE v5.4.20  ready in 275 ms

  ➜  Local:   http://localhost:3000/
  ➜  Network: http://172.20.1.9:3000/
1:45:16 PM [vite] Pre-transform error: Transform failed with 1 error:
/home/workspace/src/components/Sections.jsx:161:96: ERROR: Expected "{" but found "\\"
1:45:17 PM [vite] ✨ new dependencies optimized: @splinetool/react-spline, lucide-react
1:45:17 PM [vite] ✨ optimized dependencies changed. reloading
1:45:17 PM [vite] Pre-transform error: Transform failed with 1 error:
/home/workspace/src/components/Sections.jsx:161:96: ERROR: Expected "{" but found "\\"
The file does not exist at "/home/workspace/node_modules/.vite/deps/chunk-I4MZPW7S.js?v=35394813" which is in the optimize deps directory. The dependency might be incompatible with the dep optimizer. Try adding it to `optimizeDeps.exclude`.
1:45:19 PM [vite] Internal server error: Transform failed with 1 error:
/home/workspace/src/components/Sections.jsx:161:96: ERROR: Expected "{" but found "\\"
  Plugin: vite:esbuild
  File: /home/workspace/src/components/Sections.jsx:161:96
  
  Expected "{" but found "\\"
  159|            <Field label="Phone" value="(+60) 12 345 6789" />
  160|            <Field label="Location" value="Kuala Lumpur, Malaysia" />
  161|            <Field label="LinkedIn" value="linkedin.com/in/farah-najwa" icon={<LinkIcon className=\"h-4 w-4\" />} />
     |                                                                                                  ^
  162|          </div>
  163|          <p className="mt-3 text-xs text-neutral-500">Please use professional language and include your purpose when reaching out.</p>
  
      at failureErrorWithLog (/home/workspace/node_modules/esbuild/lib/main.js:1472:15)
      at /home/workspace/node_modules/esbuild/lib/main.js:755:50
      at responseCallbacks.<computed> (/home/workspace/node_modules/esbuild/lib/main.js:622:9)
      at handleIncomingPacket (/home/workspace/node_modules/esbuild/lib/main.js:677:12)
      at Socket.readFromStdout (/home/workspace/node_modules/esbuild/lib/main.js:600:7)
      at Socket.emit (node:events:508:28)
      at addChunk (node:internal/streams/readable:559:12)
      at readableAddChunkPushByteMode (node:internal/streams/readable:510:3)
      at Readable.push (node:internal/streams/readable:390:5)
      at Pipe.onStreamRead (node:internal/stream_base_commons:189:23)
1:45:22 PM [vite] Internal server error: Transform failed with 1 error:
/home/workspace/src/components/Sections.jsx:161:96: ERROR: Expected "{" but found "\\"
  Plugin: vite:esbuild
  File: /home/workspace/src/components/Sections.jsx:161:96
  
  Expected "{" but found "\\"
  159|            <Field label="Phone" value="(+60) 12 345 6789" />
  160|            <Field label="Location" value="Kuala Lumpur, Malaysia" />
  161|            <Field label="LinkedIn" value="linkedin.com/in/farah-najwa" icon={<LinkIcon className=\"h-4 w-4\" />} />
     |                                                                                                  ^
  162|          </div>
  163|          <p className="mt-3 text-xs text-neutral-500">Please use professional language and include your purpose when reaching out.</p>
  
      at failureErrorWithLog (/home/workspace/node_modules/esbuild/lib/main.js:1472:15)
      at /home/workspace/node_modules/esbuild/lib/main.js:755:50
      at responseCallbacks.<computed> (/home/workspace/node_modules/esbuild/lib/main.js:622:9)
      at handleIncomingPacket (/home/workspace/node_modules/esbuild/lib/main.js:677:12)
      at Socket.readFromStdout (/home/workspace/node_modules/esbuild/lib/main.js:600:7)
      at Socket.emit (node:events:508:28)
      at addChunk (node:internal/streams/readable:559:12)
      at readableAddChunkPushByteMode (node:internal/streams/readable:510:3)
      at Readable.push (node:internal/streams/readable:390:5)
      at Pipe.onStreamRead (node:internal/stream_base_commons:189:23)
